<?xml version="1.0" encoding="UTF-8"?>
<!-- Generated by org.testng.reporters.JUnitReportReporter -->
<testsuite hostname="LAPTOP-5MLVI5CQ" failures="0" tests="1" name="com.testsenario.Fb_login" time="15.450" errors="0" timestamp="2023-05-08T00:24:48 EDT" skipped="0">
  <testcase classname="com.testsenario.Fb_login" name="f" time="15.450"/>
  <system-out/>
</testsuite> <!-- com.testsenario.Fb_login -->
